<?xml version="1.0" encoding="UTF-8"?>
<!-- Generated by org.testng.reporters.JUnitReportReporter -->
<testsuite skipped="0" hostname="SriniR_Dell" name="com.TestScripts.Tc_04_PaymentImport_SUMD" tests="1" failures="0" timestamp="21 Feb 2018 11:46:01 GMT" time="172.679" errors="0">
  <testcase name="evaluateTestcase" time="172.679" classname="com.TestScripts.Tc_04_PaymentImport_SUMD"/>
</testsuite> <!-- com.TestScripts.Tc_04_PaymentImport_SUMD -->
