<?xml version="1.0" encoding="UTF-8"?>
<!-- Generated by org.testng.reporters.JUnitReportReporter -->
<testsuite skipped="0" hostname="SriniR_Dell" name="com.TestScripts.Tc_06_NewEntityCreation" tests="1" failures="0" timestamp="19 Mar 2018 11:44:32 GMT" time="214.449" errors="0">
  <testcase name="evaluateTestcase" time="214.449" classname="com.TestScripts.Tc_06_NewEntityCreation"/>
</testsuite> <!-- com.TestScripts.Tc_06_NewEntityCreation -->
