<?xml version="1.0" encoding="UTF-8"?>
<!-- Generated by org.testng.reporters.JUnitReportReporter -->
<testsuite skipped="0" hostname="SriniR_Dell" name="com.TestScripts.Tc_13_Journals_Ext" tests="1" failures="0" timestamp="20 Mar 2018 07:17:12 GMT" time="68.202" errors="0">
  <testcase name="evaluateTestcase" time="68.202" classname="com.TestScripts.Tc_13_Journals_Ext"/>
</testsuite> <!-- com.TestScripts.Tc_13_Journals_Ext -->
