<?xml version="1.0" encoding="UTF-8"?>
<!-- Generated by org.testng.reporters.JUnitReportReporter -->
<testsuite skipped="0" hostname="SriniR_Dell" name="com.TestScripts.Tc_22_ISOPAIN_Fintegrate_Project" tests="1" failures="0" timestamp="06 Sep 2018 12:43:04 GMT" time="181.406" errors="0">
  <testcase name="evaluateTestcase" time="181.406" classname="com.TestScripts.Tc_22_ISOPAIN_Fintegrate_Project"/>
</testsuite> <!-- com.TestScripts.Tc_22_ISOPAIN_Fintegrate_Project -->
