<?xml version="1.0" encoding="UTF-8"?>
<!-- Generated by org.testng.reporters.JUnitReportReporter -->
<testsuite skipped="0" hostname="SriniR_Dell" name="com.TestScripts.Tc_10_ManualcapturePayment_Ext_MUMD" tests="1" failures="0" timestamp="02 Mar 2018 13:17:04 GMT" time="372.561" errors="0">
  <testcase name="evaluateTestcase" time="372.561" classname="com.TestScripts.Tc_10_ManualcapturePayment_Ext_MUMD"/>
</testsuite> <!-- com.TestScripts.Tc_10_ManualcapturePayment_Ext_MUMD -->
