<?xml version="1.0" encoding="UTF-8"?>
<!-- Generated by org.testng.reporters.JUnitReportReporter -->
<testsuite skipped="0" hostname="SriniR_Dell" name="com.TestScripts.STORY1" tests="1" failures="0" timestamp="21 Sep 2018 10:36:00 GMT" time="1466.037" errors="0">
  <testcase name="evaluateTestcase" time="1466.037" classname="com.TestScripts.STORY1"/>
</testsuite> <!-- com.TestScripts.STORY1 -->
