<?xml version="1.0" encoding="UTF-8"?>
<!-- Generated by org.testng.reporters.JUnitReportReporter -->
<testsuite skipped="0" hostname="SriniR_Dell" name="com.TestScripts.Tc_08_Journals" tests="1" failures="0" timestamp="01 Feb 2018 12:48:07 GMT" time="71.105" errors="0">
  <testcase name="evaluateTestcase" time="71.105" classname="com.TestScripts.Tc_08_Journals"/>
</testsuite> <!-- com.TestScripts.Tc_08_Journals -->
