<?xml version="1.0" encoding="UTF-8"?>
<!-- Generated by org.testng.reporters.JUnitReportReporter -->
<testsuite skipped="0" hostname="SriniR_Dell" name="com.TestScripts.Tc_07_NominatedPayments" tests="1" failures="0" timestamp="26 Sep 2018 10:05:41 GMT" time="187.378" errors="0">
  <testcase name="evaluateTestcase" time="187.378" classname="com.TestScripts.Tc_07_NominatedPayments"/>
</testsuite> <!-- com.TestScripts.Tc_07_NominatedPayments -->
