<?xml version="1.0" encoding="UTF-8"?>
<!-- Generated by org.testng.reporters.JUnitReportReporter -->
<testsuite skipped="0" hostname="SriniR_Dell" name="com.TestScripts.Tc_16_Recall_Payments" tests="1" failures="0" timestamp="07 Dec 2018 09:11:07 GMT" time="237.744" errors="0">
  <testcase name="evaluateTestcase" time="237.744" classname="com.TestScripts.Tc_16_Recall_Payments"/>
</testsuite> <!-- com.TestScripts.Tc_16_Recall_Payments -->
