<?xml version="1.0" encoding="UTF-8"?>
<!-- Generated by org.testng.reporters.JUnitReportReporter -->
<testsuite skipped="0" hostname="SriniR_Dell" name="com.TestScripts.Tc_27_ISO_AcbEntryclassSetup" tests="1" failures="0" timestamp="07 Dec 2018 09:29:58 GMT" time="49.215" errors="0">
  <testcase name="evaluateTestcase" time="49.215" classname="com.TestScripts.Tc_27_ISO_AcbEntryclassSetup"/>
</testsuite> <!-- com.TestScripts.Tc_27_ISO_AcbEntryclassSetup -->
