<?xml version="1.0" encoding="UTF-8"?>
<!-- Generated by org.testng.reporters.JUnitReportReporter -->
<testsuite skipped="0" hostname="SriniR_Dell" name="com.TestScripts.Tc_11_CollectionImport_Ext_MUMD" tests="1" failures="0" timestamp="23 Mar 2018 08:13:35 GMT" time="239.626" errors="0">
  <testcase name="evaluateTestcase" time="239.626" classname="com.TestScripts.Tc_11_CollectionImport_Ext_MUMD"/>
</testsuite> <!-- com.TestScripts.Tc_11_CollectionImport_Ext_MUMD -->
