<?xml version="1.0" encoding="UTF-8"?>
<!-- Generated by org.testng.reporters.JUnitReportReporter -->
<testsuite skipped="0" hostname="SriniR_Dell" name="com.TestScripts.Tc_21_BankAccountCreation" tests="1" failures="0" timestamp="26 Mar 2018 07:20:37 GMT" time="186.970" errors="0">
  <testcase name="evaluateTestcase" time="186.970" classname="com.TestScripts.Tc_21_BankAccountCreation"/>
</testsuite> <!-- com.TestScripts.Tc_21_BankAccountCreation -->
