<?xml version="1.0" encoding="UTF-8"?>
<!-- Generated by org.testng.reporters.JUnitReportReporter -->
<testsuite skipped="0" hostname="SriniR_Dell" name="com.TestScripts.Tc_02_ManualcapturePayment_SUMD" tests="1" failures="0" timestamp="02 Mar 2018 11:39:04 GMT" time="348.137" errors="0">
  <testcase name="evaluateTestcase" time="348.137" classname="com.TestScripts.Tc_02_ManualcapturePayment_SUMD"/>
</testsuite> <!-- com.TestScripts.Tc_02_ManualcapturePayment_SUMD -->
