<?xml version="1.0" encoding="UTF-8"?>
<!-- Generated by org.testng.reporters.JUnitReportReporter -->
<testsuite skipped="0" hostname="SriniR_Dell" name="com.TestScripts.Tc_02_ManualcapturePayment" tests="1" failures="0" timestamp="21 Nov 2018 11:45:30 GMT" time="186.725" errors="0">
  <testcase name="evaluateTestcase" time="186.725" classname="com.TestScripts.Tc_02_ManualcapturePayment"/>
</testsuite> <!-- com.TestScripts.Tc_02_ManualcapturePayment -->
