<?xml version="1.0" encoding="UTF-8"?>
<!-- Generated by org.testng.reporters.JUnitReportReporter -->
<testsuite skipped="0" hostname="SriniR_Dell" name="com.TestScripts.Tc_03_CollectionImport_SUMD" tests="1" failures="0" timestamp="02 Mar 2018 11:47:29 GMT" time="193.107" errors="0">
  <testcase name="evaluateTestcase" time="193.107" classname="com.TestScripts.Tc_03_CollectionImport_SUMD"/>
</testsuite> <!-- com.TestScripts.Tc_03_CollectionImport_SUMD -->
