<?xml version="1.0" encoding="UTF-8"?>
<!-- Generated by org.testng.reporters.JUnitReportReporter -->
<testsuite skipped="0" hostname="SriniR_Dell" name="com.TestScripts.Tc_18_Recall_Collectiion_Ext" tests="1" failures="0" timestamp="19 Mar 2018 12:23:40 GMT" time="89.336" errors="0">
  <testcase name="evaluateTestcase" time="89.336" classname="com.TestScripts.Tc_18_Recall_Collectiion_Ext"/>
</testsuite> <!-- com.TestScripts.Tc_18_Recall_Collectiion_Ext -->
