<?xml version="1.0" encoding="UTF-8"?>
<!-- Generated by org.testng.reporters.JUnitReportReporter -->
<testsuite hostname="user-PC" name="demo.TestNG" tests="1" failures="0" timestamp="7 Dec 2017 11:45:04 GMT" time="0.018" errors="0">
  <testcase name="launch" time="0.018" classname="demo.TestNG"/>
</testsuite> <!-- demo.TestNG -->
