<?xml version="1.0" encoding="UTF-8"?>
<!-- Generated by org.testng.reporters.JUnitReportReporter -->
<testsuite skipped="0" hostname="SriniR_Dell" name="com.TestScripts.Tc_07_NominatedPayments_MUMD" tests="1" failures="0" timestamp="23 Mar 2018 07:34:33 GMT" time="267.713" errors="0">
  <testcase name="evaluateTestcase" time="267.713" classname="com.TestScripts.Tc_07_NominatedPayments_MUMD"/>
</testsuite> <!-- com.TestScripts.Tc_07_NominatedPayments_MUMD -->
