<?xml version="1.0" encoding="UTF-8"?>
<!-- Generated by org.testng.reporters.JUnitReportReporter -->
<testsuite skipped="0" hostname="SriniR_Dell" name="com.TestScripts.Tc_06_NewEntityCreation" tests="1" failures="0" timestamp="04 Sep 2018 08:06:26 GMT" time="216.647" errors="0">
  <testcase name="evaluateTestcase" time="216.647" classname="com.TestScripts.Tc_06_NewEntityCreation"/>
</testsuite> <!-- com.TestScripts.Tc_06_NewEntityCreation -->
