<?xml version="1.0" encoding="UTF-8"?>
<!-- Generated by org.testng.reporters.JUnitReportReporter -->
<testsuite skipped="0" hostname="SriniR_Dell" name="com.TestScripts.Tc_14_Reports_Module" tests="1" failures="0" timestamp="19 Mar 2018 08:37:54 GMT" time="35.005" errors="0">
  <testcase name="evaluateTestcase" time="35.005" classname="com.TestScripts.Tc_14_Reports_Module"/>
</testsuite> <!-- com.TestScripts.Tc_14_Reports_Module -->
