<?xml version="1.0" encoding="UTF-8"?>
<!-- Generated by org.testng.reporters.JUnitReportReporter -->
<testsuite skipped="0" hostname="SriniR_Dell" name="com.TestScripts.Tc_21_BankAccountCreation" tests="1" failures="0" timestamp="23 Mar 2018 08:04:16 GMT" time="170.314" errors="0">
  <testcase name="evaluateTestcase" time="170.314" classname="com.TestScripts.Tc_21_BankAccountCreation"/>
</testsuite> <!-- com.TestScripts.Tc_21_BankAccountCreation -->
