<?xml version="1.0" encoding="UTF-8"?>
<!-- Generated by org.testng.reporters.JUnitReportReporter -->
<testsuite skipped="0" hostname="SriniR_Dell" name="com.TestScripts.Tc_02_ManualcapturePayment" tests="1" failures="0" timestamp="07 Sep 2018 07:13:42 GMT" time="154.742" errors="0">
  <testcase name="evaluateTestcase" time="154.742" classname="com.TestScripts.Tc_02_ManualcapturePayment"/>
</testsuite> <!-- com.TestScripts.Tc_02_ManualcapturePayment -->
