<?xml version="1.0" encoding="UTF-8"?>
<!-- Generated by org.testng.reporters.JUnitReportReporter -->
<testsuite skipped="0" hostname="SriniR_Dell" name="com.TestScripts.ISO_Story" tests="1" failures="0" timestamp="03 May 2019 09:14:43 GMT" time="785.840" errors="0">
  <testcase name="evaluateTestcase" time="785.840" classname="com.TestScripts.ISO_Story"/>
</testsuite> <!-- com.TestScripts.ISO_Story -->
