<?xml version="1.0" encoding="UTF-8"?>
<!-- Generated by org.testng.reporters.JUnitReportReporter -->
<testsuite skipped="0" hostname="SriniR_Dell" name="com.TestScripts.Tc_02_ManualcapturePayment_MUMD" tests="1" failures="0" timestamp="02 Mar 2018 11:29:18 GMT" time="322.261" errors="0">
  <testcase name="evaluateTestcase" time="322.261" classname="com.TestScripts.Tc_02_ManualcapturePayment_MUMD"/>
</testsuite> <!-- com.TestScripts.Tc_02_ManualcapturePayment_MUMD -->
