<?xml version="1.0" encoding="UTF-8"?>
<!-- Generated by org.testng.reporters.JUnitReportReporter -->
<testsuite skipped="0" hostname="SriniR_Dell" name="com.TestScripts.Tc_21_BankAccountCreation" tests="1" failures="0" timestamp="06 Sep 2018 12:35:02 GMT" time="185.327" errors="0">
  <testcase name="evaluateTestcase" time="185.327" classname="com.TestScripts.Tc_21_BankAccountCreation"/>
</testsuite> <!-- com.TestScripts.Tc_21_BankAccountCreation -->
