<?xml version="1.0" encoding="UTF-8"?>
<!-- Generated by org.testng.reporters.JUnitReportReporter -->
<testsuite skipped="0" hostname="SriniR_Dell" name="com.TestScripts.Tc_04_PaymentImport_SUMD" tests="1" failures="0" timestamp="02 Mar 2018 12:19:59 GMT" time="195.591" errors="0">
  <testcase name="evaluateTestcase" time="195.591" classname="com.TestScripts.Tc_04_PaymentImport_SUMD"/>
</testsuite> <!-- com.TestScripts.Tc_04_PaymentImport_SUMD -->
