<?xml version="1.0" encoding="UTF-8"?>
<!-- Generated by org.testng.reporters.JUnitReportReporter -->
<testsuite skipped="0" hostname="SriniR_Dell" name="com.TestScripts.Tc_16_Recall_Payments" tests="1" failures="0" timestamp="19 Mar 2018 12:05:46 GMT" time="70.582" errors="0">
  <testcase name="evaluateTestcase" time="70.582" classname="com.TestScripts.Tc_16_Recall_Payments"/>
</testsuite> <!-- com.TestScripts.Tc_16_Recall_Payments -->
