<?xml version="1.0" encoding="UTF-8"?>
<!-- Generated by org.testng.reporters.JUnitReportReporter -->
<testsuite skipped="0" hostname="SriniR_Dell" name="demo.TestNG" tests="1" failures="0" timestamp="19 Dec 2017 06:25:46 GMT" time="0.007" errors="0">
  <testcase name="launch" time="0.007" classname="demo.TestNG"/>
</testsuite> <!-- demo.TestNG -->
