<?xml version="1.0" encoding="UTF-8"?>
<!-- Generated by org.testng.reporters.JUnitReportReporter -->
<testsuite skipped="0" hostname="SriniR_Dell" name="com.TestScripts.Tc_24_QuoteCreation" tests="1" failures="0" timestamp="06 Jun 2018 07:53:36 GMT" time="118.955" errors="0">
  <testcase name="evaluateTestcase" time="118.955" classname="com.TestScripts.Tc_24_QuoteCreation"/>
</testsuite> <!-- com.TestScripts.Tc_24_QuoteCreation -->
