<?xml version="1.0" encoding="UTF-8"?>
<!-- Generated by org.testng.reporters.JUnitReportReporter -->
<testsuite skipped="0" hostname="SriniR_Dell" name="com.TestScripts.Tc_13_Journals_Ext" tests="1" failures="0" timestamp="22 Jan 2018 12:19:47 GMT" time="72.315" errors="0">
  <testcase name="evaluateTestcase" time="72.315" classname="com.TestScripts.Tc_13_Journals_Ext"/>
</testsuite> <!-- com.TestScripts.Tc_13_Journals_Ext -->
