<?xml version="1.0" encoding="UTF-8"?>
<!-- Generated by org.testng.reporters.JUnitReportReporter -->
<testsuite skipped="0" hostname="SriniR_Dell" name="com.TestScripts.Tc_03_CollectionImport" tests="1" failures="0" timestamp="26 Sep 2018 09:59:20 GMT" time="71.641" errors="0">
  <testcase name="evaluateTestcase" time="71.641" classname="com.TestScripts.Tc_03_CollectionImport"/>
</testsuite> <!-- com.TestScripts.Tc_03_CollectionImport -->
