<?xml version="1.0" encoding="UTF-8"?>
<!-- Generated by org.testng.reporters.JUnitReportReporter -->
<testsuite skipped="0" hostname="SriniR_Dell" name="com.TestScripts.Tc_20_Recall_Journals_Ext" tests="1" failures="0" timestamp="19 Mar 2018 07:31:14 GMT" time="76.041" errors="0">
  <testcase name="evaluateTestcase" time="76.041" classname="com.TestScripts.Tc_20_Recall_Journals_Ext"/>
</testsuite> <!-- com.TestScripts.Tc_20_Recall_Journals_Ext -->
