<?xml version="1.0" encoding="UTF-8"?>
<!-- Generated by org.testng.reporters.JUnitReportReporter -->
<testsuite skipped="0" hostname="SriniR_Dell" name="com.TestScripts.Tc_03_CollectionImport" tests="1" failures="0" timestamp="22 Mar 2018 12:13:21 GMT" time="77.404" errors="0">
  <testcase name="evaluateTestcase" time="77.404" classname="com.TestScripts.Tc_03_CollectionImport"/>
</testsuite> <!-- com.TestScripts.Tc_03_CollectionImport -->
