<?xml version="1.0" encoding="UTF-8"?>
<!-- Generated by org.testng.reporters.JUnitReportReporter -->
<testsuite skipped="0" hostname="SriniR_Dell" name="com.TestScripts.Tc_10_ManualcapturePayment_Ext" tests="1" failures="0" timestamp="02 Mar 2018 06:00:00 GMT" time="71.715" errors="0">
  <testcase name="evaluateTestcase" time="71.715" classname="com.TestScripts.Tc_10_ManualcapturePayment_Ext"/>
</testsuite> <!-- com.TestScripts.Tc_10_ManualcapturePayment_Ext -->
