<?xml version="1.0" encoding="UTF-8"?>
<!-- Generated by org.testng.reporters.JUnitReportReporter -->
<testsuite skipped="0" hostname="user-PC" name="Tc_01_ManualcaptureCollection" tests="1" failures="0" timestamp="13 Dec 2017 11:34:34 GMT" time="56.970" errors="0">
  <testcase name="evaluateTestcase" time="56.970" classname="Tc_01_ManualcaptureCollection"/>
</testsuite> <!-- Tc_01_ManualcaptureCollection -->
