<?xml version="1.0" encoding="UTF-8"?>
<!-- Generated by org.testng.reporters.JUnitReportReporter -->
<testsuite skipped="0" hostname="SriniR_Dell" name="com.TestScripts.ISOPAIN_Fintegrate_Project" tests="1" failures="0" timestamp="12 Mar 2018 09:19:52 GMT" time="242.633" errors="0">
  <testcase name="evaluateTestcase" time="242.633" classname="com.TestScripts.ISOPAIN_Fintegrate_Project"/>
</testsuite> <!-- com.TestScripts.ISOPAIN_Fintegrate_Project -->
