<?xml version="1.0" encoding="UTF-8"?>
<!-- Generated by org.testng.reporters.JUnitReportReporter -->
<testsuite skipped="0" hostname="SriniR_Dell" name="com.TestScripts.Tc_02_ManualcapturePayment_SUMD" tests="1" failures="0" timestamp="22 Feb 2018 09:06:59 GMT" time="258.035" errors="0">
  <testcase name="evaluateTestcase" time="258.035" classname="com.TestScripts.Tc_02_ManualcapturePayment_SUMD"/>
</testsuite> <!-- com.TestScripts.Tc_02_ManualcapturePayment_SUMD -->
