<?xml version="1.0" encoding="UTF-8"?>
<!-- Generated by org.testng.reporters.JUnitReportReporter -->
<testsuite skipped="0" hostname="SriniR_Dell" name="com.TestScripts.Tc_01_ManualcaptureCollection" tests="1" failures="0" timestamp="12 Mar 2018 06:14:17 GMT" time="111.602" errors="0">
  <testcase name="evaluateTestcase" time="111.602" classname="com.TestScripts.Tc_01_ManualcaptureCollection"/>
</testsuite> <!-- com.TestScripts.Tc_01_ManualcaptureCollection -->
