<?xml version="1.0" encoding="UTF-8"?>
<!-- Generated by org.testng.reporters.JUnitReportReporter -->
<testsuite skipped="0" hostname="SriniR_Dell" name="com.TestScripts.Authorization_Transactions" tests="1" failures="0" timestamp="01 Mar 2018 13:01:36 GMT" time="13.475" errors="0">
  <testcase name="evaluateTestcase" time="13.475" classname="com.TestScripts.Authorization_Transactions"/>
</testsuite> <!-- com.TestScripts.Authorization_Transactions -->
