<?xml version="1.0" encoding="UTF-8"?>
<!-- Generated by org.testng.reporters.JUnitReportReporter -->
<testsuite skipped="0" hostname="SriniR_Dell" name="com.TestScripts.Tc_09_ManualcaptureCollection_Ext_MUMD" tests="1" failures="0" timestamp="02 Mar 2018 12:50:50 GMT" time="339.955" errors="0">
  <testcase name="evaluateTestcase" time="339.955" classname="com.TestScripts.Tc_09_ManualcaptureCollection_Ext_MUMD"/>
</testsuite> <!-- com.TestScripts.Tc_09_ManualcaptureCollection_Ext_MUMD -->
