<?xml version="1.0" encoding="UTF-8"?>
<!-- Generated by org.testng.reporters.JUnitReportReporter -->
<testsuite skipped="0" hostname="SriniR_Dell" name="com.TestScripts.Tc_04_PaymentImport" tests="1" failures="0" timestamp="22 Jan 2018 09:10:24 GMT" time="60.285" errors="0">
  <testcase name="evaluateTestcase" time="60.285" classname="com.TestScripts.Tc_04_PaymentImport"/>
</testsuite> <!-- com.TestScripts.Tc_04_PaymentImport -->
