<?xml version="1.0" encoding="UTF-8"?>
<!-- Generated by org.testng.reporters.JUnitReportReporter -->
<testsuite skipped="0" hostname="user-PC" name="com.TestScripts.Tc_01_ManualcaptureCollection" tests="1" failures="0" timestamp="14 Dec 2017 09:04:26 GMT" time="67.136" errors="0">
  <testcase name="evaluateTestcase" time="67.136" classname="com.TestScripts.Tc_01_ManualcaptureCollection"/>
</testsuite> <!-- com.TestScripts.Tc_01_ManualcaptureCollection -->
