<?xml version="1.0" encoding="UTF-8"?>
<!-- Generated by org.testng.reporters.JUnitReportReporter -->
<testsuite skipped="0" hostname="SriniR_Dell" name="com.TestScripts.Tc_10_ManualcapturePayment_Ext" tests="1" failures="0" timestamp="22 Jan 2018 12:19:47 GMT" time="111.551" errors="0">
  <testcase name="evaluateTestcase" time="111.551" classname="com.TestScripts.Tc_10_ManualcapturePayment_Ext"/>
</testsuite> <!-- com.TestScripts.Tc_10_ManualcapturePayment_Ext -->
