<?xml version="1.0" encoding="UTF-8"?>
<!-- Generated by org.testng.reporters.JUnitReportReporter -->
<testsuite skipped="0" hostname="SriniR_Dell" name="demo.TestNG" tests="1" failures="0" timestamp="05 Apr 2018 11:13:59 GMT" time="1.494" errors="0">
  <testcase name="launch" time="1.494" classname="demo.TestNG"/>
</testsuite> <!-- demo.TestNG -->
