<?xml version="1.0" encoding="UTF-8"?>
<!-- Generated by org.testng.reporters.JUnitReportReporter -->
<testsuite skipped="0" hostname="SriniR_Dell" name="com.TestScripts.Tc_16_Recall_Payments" tests="1" failures="0" timestamp="06 Sep 2018 12:18:35 GMT" time="406.883" errors="0">
  <testcase name="evaluateTestcase" time="406.883" classname="com.TestScripts.Tc_16_Recall_Payments"/>
</testsuite> <!-- com.TestScripts.Tc_16_Recall_Payments -->
