<?xml version="1.0" encoding="UTF-8"?>
<!-- Generated by org.testng.reporters.JUnitReportReporter -->
<testsuite skipped="0" hostname="SriniR_Dell" name="com.TestScripts.Tc_08_Journals" tests="1" failures="0" timestamp="06 Sep 2018 11:40:53 GMT" time="58.513" errors="0">
  <testcase name="evaluateTestcase" time="58.513" classname="com.TestScripts.Tc_08_Journals"/>
</testsuite> <!-- com.TestScripts.Tc_08_Journals -->
