<?xml version="1.0" encoding="UTF-8"?>
<!-- Generated by org.testng.reporters.JUnitReportReporter -->
<testsuite skipped="0" hostname="SriniR_Dell" name="com.TestScripts.Tc_20_Recall_Journals_Ext" tests="1" failures="0" timestamp="02 Mar 2018 08:50:20 GMT" time="92.260" errors="0">
  <testcase name="evaluateTestcase" time="92.260" classname="com.TestScripts.Tc_20_Recall_Journals_Ext"/>
</testsuite> <!-- com.TestScripts.Tc_20_Recall_Journals_Ext -->
