<?xml version="1.0" encoding="UTF-8"?>
<!-- Generated by org.testng.reporters.JUnitReportReporter -->
<testsuite skipped="0" hostname="SriniR_Dell" name="com.TestScripts.Tc_07_NominatedPayments_SUMD" tests="1" failures="0" timestamp="21 Feb 2018 11:11:50 GMT" time="10.458" errors="0">
  <testcase name="evaluateTestcase" time="10.458" classname="com.TestScripts.Tc_07_NominatedPayments_SUMD"/>
</testsuite> <!-- com.TestScripts.Tc_07_NominatedPayments_SUMD -->
