<?xml version="1.0" encoding="UTF-8"?>
<!-- Generated by org.testng.reporters.JUnitReportReporter -->
<testsuite skipped="0" hostname="SriniR_Dell" name="com.TestScripts.Tc_05_NewUserCcreation" tests="1" failures="0" timestamp="05 Apr 2018 13:22:44 GMT" time="779.827" errors="0">
  <testcase name="evaluateTestcase" time="779.827" classname="com.TestScripts.Tc_05_NewUserCcreation"/>
</testsuite> <!-- com.TestScripts.Tc_05_NewUserCcreation -->
