<?xml version="1.0" encoding="UTF-8"?>
<!-- Generated by org.testng.reporters.JUnitReportReporter -->
<testsuite skipped="0" hostname="SriniR_Dell" name="com.TestScripts.Tc_10_ManualcapturePayment_Ext_SUMD" tests="1" failures="0" timestamp="22 Feb 2018 09:25:53 GMT" time="337.213" errors="0">
  <testcase name="evaluateTestcase" time="337.213" classname="com.TestScripts.Tc_10_ManualcapturePayment_Ext_SUMD"/>
</testsuite> <!-- com.TestScripts.Tc_10_ManualcapturePayment_Ext_SUMD -->
