<?xml version="1.0" encoding="UTF-8"?>
<!-- Generated by org.testng.reporters.JUnitReportReporter -->
<testsuite skipped="0" hostname="user-PC" name="com.TestScripts.Tc_01_TestBrowser" tests="1" failures="0" timestamp="13 Dec 2017 09:58:57 GMT" time="16.063" errors="0">
  <testcase name="Test" time="16.063" classname="com.TestScripts.Tc_01_TestBrowser"/>
</testsuite> <!-- com.TestScripts.Tc_01_TestBrowser -->
