<?xml version="1.0" encoding="UTF-8"?>
<!-- Generated by org.testng.reporters.JUnitReportReporter -->
<testsuite skipped="0" hostname="SriniR_Dell" name="com.TestScripts.Tc_08_Journals" tests="1" failures="0" timestamp="21 Nov 2018 12:17:48 GMT" time="72.178" errors="0">
  <testcase name="evaluateTestcase" time="72.178" classname="com.TestScripts.Tc_08_Journals"/>
</testsuite> <!-- com.TestScripts.Tc_08_Journals -->
