<?xml version="1.0" encoding="UTF-8"?>
<!-- Generated by org.testng.reporters.JUnitReportReporter -->
<testsuite skipped="0" hostname="SriniR_Dell" name="com.TestScripts.Tc_01_ManualcaptureCollection_SUMD" tests="1" failures="0" timestamp="22 Feb 2018 05:25:40 GMT" time="247.352" errors="0">
  <testcase name="evaluateTestcase" time="247.352" classname="com.TestScripts.Tc_01_ManualcaptureCollection_SUMD"/>
</testsuite> <!-- com.TestScripts.Tc_01_ManualcaptureCollection_SUMD -->
