<?xml version="1.0" encoding="UTF-8"?>
<!-- Generated by org.testng.reporters.JUnitReportReporter -->
<testsuite skipped="0" hostname="SriniR_Dell" name="com.TestScripts.Tc_23_FeeTest" tests="1" failures="0" timestamp="19 Mar 2018 13:18:16 GMT" time="64.941" errors="0">
  <testcase name="evaluateTestcase" time="64.941" classname="com.TestScripts.Tc_23_FeeTest"/>
</testsuite> <!-- com.TestScripts.Tc_23_FeeTest -->
