<?xml version="1.0" encoding="UTF-8"?>
<!-- Generated by org.testng.reporters.JUnitReportReporter -->
<testsuite skipped="0" hostname="SriniR_Dell" name="com.TestScripts.Tc_15_Recall_Collection" tests="1" failures="0" timestamp="19 Mar 2018 07:24:53 GMT" time="71.058" errors="0">
  <testcase name="evaluateTestcase" time="71.058" classname="com.TestScripts.Tc_15_Recall_Collection"/>
</testsuite> <!-- com.TestScripts.Tc_15_Recall_Collection -->
