<?xml version="1.0" encoding="UTF-8"?>
<!-- Generated by org.testng.reporters.JUnitReportReporter -->
<testsuite skipped="0" hostname="SriniR_Dell" name="com.TestScripts.Tc_15_Recall_Collection" tests="1" failures="0" timestamp="07 Dec 2018 09:11:07 GMT" time="84.418" errors="0">
  <testcase name="evaluateTestcase" time="84.418" classname="com.TestScripts.Tc_15_Recall_Collection"/>
</testsuite> <!-- com.TestScripts.Tc_15_Recall_Collection -->
