<?xml version="1.0" encoding="UTF-8"?>
<!-- Generated by org.testng.reporters.JUnitReportReporter -->
<testsuite skipped="0" hostname="SriniR_Dell" name="com.TestScripts.Tc_08_Journals" tests="1" failures="0" timestamp="20 Mar 2018 07:15:21 GMT" time="88.846" errors="0">
  <testcase name="evaluateTestcase" time="88.846" classname="com.TestScripts.Tc_08_Journals"/>
</testsuite> <!-- com.TestScripts.Tc_08_Journals -->
