<?xml version="1.0" encoding="UTF-8"?>
<!-- Generated by org.testng.reporters.JUnitReportReporter -->
<testsuite skipped="0" hostname="SriniR_Dell" name="com.TestScripts.Tc_08_Journals" tests="1" failures="0" timestamp="03 May 2019 11:20:08 GMT" time="74.020" errors="0">
  <testcase name="evaluateTestcase" time="74.020" classname="com.TestScripts.Tc_08_Journals"/>
</testsuite> <!-- com.TestScripts.Tc_08_Journals -->
