<?xml version="1.0" encoding="UTF-8"?>
<!-- Generated by org.testng.reporters.JUnitReportReporter -->
<testsuite skipped="0" hostname="SriniR_Dell" name="com.TestScripts.Tc_14_Reports_Module" tests="1" failures="0" timestamp="25 Jun 2019 11:47:04 GMT" time="38.897" errors="0">
  <testcase name="evaluateTestcase" time="38.897" classname="com.TestScripts.Tc_14_Reports_Module"/>
</testsuite> <!-- com.TestScripts.Tc_14_Reports_Module -->
