<?xml version="1.0" encoding="UTF-8"?>
<!-- Generated by org.testng.reporters.JUnitReportReporter -->
<testsuite skipped="0" hostname="SriniR_Dell" name="com.TestScripts.Tc_17_Recall_Journals" tests="1" failures="0" timestamp="19 Mar 2018 07:31:14 GMT" time="67.361" errors="0">
  <testcase name="evaluateTestcase" time="67.361" classname="com.TestScripts.Tc_17_Recall_Journals"/>
</testsuite> <!-- com.TestScripts.Tc_17_Recall_Journals -->
