<?xml version="1.0" encoding="UTF-8"?>
<!-- Generated by org.testng.reporters.JUnitReportReporter -->
<testsuite skipped="0" hostname="SriniR_Dell" name="com.TestScripts.Tc_13_Journals_Ext_SUMD" tests="1" failures="0" timestamp="21 Feb 2018 06:10:23 GMT" time="9.398" errors="0">
  <testcase name="evaluateTestcase" time="9.398" classname="com.TestScripts.Tc_13_Journals_Ext_SUMD"/>
</testsuite> <!-- com.TestScripts.Tc_13_Journals_Ext_SUMD -->
