<?xml version="1.0" encoding="UTF-8"?>
<!-- Generated by org.testng.reporters.JUnitReportReporter -->
<testsuite skipped="0" hostname="SriniR_Dell" name="com.TestScripts.Tc_27_AcbEntryclassSetup" tests="1" failures="0" timestamp="22 Nov 2018 10:55:32 GMT" time="52.989" errors="0">
  <testcase name="evaluateTestcase" time="52.989" classname="com.TestScripts.Tc_27_AcbEntryclassSetup"/>
</testsuite> <!-- com.TestScripts.Tc_27_AcbEntryclassSetup -->
