<?xml version="1.0" encoding="UTF-8"?>
<!-- Generated by org.testng.reporters.JUnitReportReporter -->
<testsuite skipped="0" hostname="SriniR_Dell" name="com.TestScripts.Tc_22_ISO_ISOPAIN_Fintegrate_Project" tests="1" failures="0" timestamp="07 Dec 2018 07:27:25 GMT" time="166.619" errors="0">
  <testcase name="evaluateTestcase" time="166.619" classname="com.TestScripts.Tc_22_ISO_ISOPAIN_Fintegrate_Project"/>
</testsuite> <!-- com.TestScripts.Tc_22_ISO_ISOPAIN_Fintegrate_Project -->
