<?xml version="1.0" encoding="UTF-8"?>
<!-- Generated by org.testng.reporters.JUnitReportReporter -->
<testsuite skipped="0" hostname="SriniR_Dell" name="com.TestScripts.STORY1" tests="1" failures="0" timestamp="21 Nov 2018 12:15:59 GMT" time="1424.379" errors="0">
  <testcase name="evaluateTestcase" time="1424.379" classname="com.TestScripts.STORY1"/>
</testsuite> <!-- com.TestScripts.STORY1 -->
