<?xml version="1.0" encoding="UTF-8"?>
<!-- Generated by org.testng.reporters.JUnitReportReporter -->
<testsuite skipped="0" hostname="SriniR_Dell" name="com.TestScripts.Tc_06_NewEntityCreation" tests="1" failures="0" timestamp="19 Mar 2018 09:26:16 GMT" time="223.294" errors="0">
  <testcase name="evaluateTestcase" time="223.294" classname="com.TestScripts.Tc_06_NewEntityCreation"/>
</testsuite> <!-- com.TestScripts.Tc_06_NewEntityCreation -->
