<?xml version="1.0" encoding="UTF-8"?>
<!-- Generated by org.testng.reporters.JUnitReportReporter -->
<testsuite skipped="0" hostname="SriniR_Dell" name="com.TestScripts.Tc_03_CollectionImport" tests="1" failures="0" timestamp="19 Mar 2018 11:18:54 GMT" time="61.547" errors="0">
  <testcase name="evaluateTestcase" time="61.547" classname="com.TestScripts.Tc_03_CollectionImport"/>
</testsuite> <!-- com.TestScripts.Tc_03_CollectionImport -->
