<?xml version="1.0" encoding="UTF-8"?>
<!-- Generated by org.testng.reporters.JUnitReportReporter -->
<testsuite skipped="0" hostname="SriniR_Dell" name="com.TestScripts.Tc_09_ManualcaptureCollection_Ext" tests="1" failures="0" timestamp="22 Jan 2018 06:10:05 GMT" time="83.488" errors="0">
  <testcase name="evaluateTestcase" time="83.488" classname="com.TestScripts.Tc_09_ManualcaptureCollection_Ext"/>
</testsuite> <!-- com.TestScripts.Tc_09_ManualcaptureCollection_Ext -->
