<?xml version="1.0" encoding="UTF-8"?>
<!-- Generated by org.testng.reporters.JUnitReportReporter -->
<testsuite skipped="0" hostname="SriniR_Dell" name="com.TestScripts.Tc_11_CollectionImport_Ext_SUMD" tests="1" failures="0" timestamp="23 Mar 2018 08:17:09 GMT" time="195.119" errors="0">
  <testcase name="evaluateTestcase" time="195.119" classname="com.TestScripts.Tc_11_CollectionImport_Ext_SUMD"/>
</testsuite> <!-- com.TestScripts.Tc_11_CollectionImport_Ext_SUMD -->
