<?xml version="1.0" encoding="UTF-8"?>
<!-- Generated by org.testng.reporters.JUnitReportReporter -->
<testsuite skipped="0" hostname="SriniR_Dell" name="com.TestScripts.Tc_01_ManualcaptureCollection_MUMD" tests="1" failures="0" timestamp="02 Mar 2018 10:04:40 GMT" time="311.789" errors="0">
  <testcase name="evaluateTestcase" time="311.789" classname="com.TestScripts.Tc_01_ManualcaptureCollection_MUMD"/>
</testsuite> <!-- com.TestScripts.Tc_01_ManualcaptureCollection_MUMD -->
