<?xml version="1.0" encoding="UTF-8"?>
<!-- Generated by org.testng.reporters.JUnitReportReporter -->
<testsuite skipped="0" hostname="SriniR_Dell" name="com.TestScripts.Tc_04_PaymentImport_MUMD" tests="1" failures="0" timestamp="02 Mar 2018 11:52:03 GMT" time="239.338" errors="0">
  <testcase name="evaluateTestcase" time="239.338" classname="com.TestScripts.Tc_04_PaymentImport_MUMD"/>
</testsuite> <!-- com.TestScripts.Tc_04_PaymentImport_MUMD -->
