<?xml version="1.0" encoding="UTF-8"?>
<!-- Generated by org.testng.reporters.JUnitReportReporter -->
<testsuite skipped="0" hostname="SriniR_Dell" name="com.TestScripts.Tc_09_ManualcaptureCollection_Ext" tests="1" failures="0" timestamp="22 Mar 2018 07:21:43 GMT" time="75.822" errors="0">
  <testcase name="evaluateTestcase" time="75.822" classname="com.TestScripts.Tc_09_ManualcaptureCollection_Ext"/>
</testsuite> <!-- com.TestScripts.Tc_09_ManualcaptureCollection_Ext -->
