<?xml version="1.0" encoding="UTF-8"?>
<!-- Generated by org.testng.reporters.JUnitReportReporter -->
<testsuite skipped="0" hostname="SriniR_Dell" name="com.TestScripts.Tc_18_Recall_Collectiion_Ext" tests="1" failures="0" timestamp="05 Feb 2018 06:31:42 GMT" time="106.343" errors="0">
  <testcase name="evaluateTestcase" time="106.343" classname="com.TestScripts.Tc_18_Recall_Collectiion_Ext"/>
</testsuite> <!-- com.TestScripts.Tc_18_Recall_Collectiion_Ext -->
