<?xml version="1.0" encoding="UTF-8"?>
<!-- Generated by org.testng.reporters.JUnitReportReporter -->
<testsuite skipped="0" hostname="SriniR_Dell" name="com.TestScripts.Tc_17_Recall_Journals" tests="1" failures="0" timestamp="07 Sep 2018 07:32:44 GMT" time="159.702" errors="0">
  <testcase name="evaluateTestcase" time="159.702" classname="com.TestScripts.Tc_17_Recall_Journals"/>
</testsuite> <!-- com.TestScripts.Tc_17_Recall_Journals -->
