<?xml version="1.0" encoding="UTF-8"?>
<!-- Generated by org.testng.reporters.JUnitReportReporter -->
<testsuite skipped="0" hostname="SriniR_Dell" name="com.TestScripts.Tc_05_NewUserCcreation" tests="1" failures="0" timestamp="04 Apr 2018 09:13:32 GMT" time="644.601" errors="0">
  <testcase name="evaluateTestcase" time="644.601" classname="com.TestScripts.Tc_05_NewUserCcreation"/>
</testsuite> <!-- com.TestScripts.Tc_05_NewUserCcreation -->
