<?xml version="1.0" encoding="UTF-8"?>
<!-- Generated by org.testng.reporters.JUnitReportReporter -->
<testsuite skipped="0" hostname="SriniR_Dell" name="com.TestScripts.Tc_02_ManualcapturePayment" tests="1" failures="0" timestamp="02 Jan 2018 07:05:35 GMT" time="79.141" errors="0">
  <testcase name="evaluateTestcase" time="79.141" classname="com.TestScripts.Tc_02_ManualcapturePayment"/>
</testsuite> <!-- com.TestScripts.Tc_02_ManualcapturePayment -->
