<?xml version="1.0" encoding="UTF-8"?>
<!-- Generated by org.testng.reporters.JUnitReportReporter -->
<testsuite skipped="0" hostname="SriniR_Dell" name="com.TestScripts.Tc_07_NominatedPayments" tests="1" failures="0" timestamp="06 Apr 2018 07:50:24 GMT" time="57.741" errors="0">
  <testcase name="evaluateTestcase" time="57.741" classname="com.TestScripts.Tc_07_NominatedPayments"/>
</testsuite> <!-- com.TestScripts.Tc_07_NominatedPayments -->
