<?xml version="1.0" encoding="UTF-8"?>
<!-- Generated by org.testng.reporters.JUnitReportReporter -->
<testsuite skipped="0" hostname="SriniR_Dell" name="demo.TestNG" tests="1" failures="0" timestamp="15 Feb 2018 08:33:52 GMT" time="0.013" errors="0">
  <testcase name="launch" time="0.013" classname="demo.TestNG"/>
</testsuite> <!-- demo.TestNG -->
