<?xml version="1.0" encoding="UTF-8"?>
<!-- Generated by org.testng.reporters.JUnitReportReporter -->
<testsuite skipped="0" hostname="SriniR_Dell" name="com.TestScripts.Tc_03_CollectionImport_MUMD" tests="1" failures="0" timestamp="02 Mar 2018 11:43:41 GMT" time="247.966" errors="0">
  <testcase name="evaluateTestcase" time="247.966" classname="com.TestScripts.Tc_03_CollectionImport_MUMD"/>
</testsuite> <!-- com.TestScripts.Tc_03_CollectionImport_MUMD -->
