<?xml version="1.0" encoding="UTF-8"?>
<!-- Generated by org.testng.reporters.JUnitReportReporter -->
<testsuite skipped="0" hostname="SriniR_Dell" name="com.TestScripts.Tc_12_PaymentImport_Ext_MUMD" tests="1" failures="0" timestamp="23 Mar 2018 08:22:59 GMT" time="238.074" errors="0">
  <testcase name="evaluateTestcase" time="238.074" classname="com.TestScripts.Tc_12_PaymentImport_Ext_MUMD"/>
</testsuite> <!-- com.TestScripts.Tc_12_PaymentImport_Ext_MUMD -->
