<?xml version="1.0" encoding="UTF-8"?>
<!-- Generated by org.testng.reporters.JUnitReportReporter -->
<testsuite skipped="0" hostname="SriniR_Dell" name="com.TestScripts.Tc_04_PaymentImport" tests="1" failures="0" timestamp="21 Nov 2018 11:51:46 GMT" time="72.035" errors="0">
  <testcase name="evaluateTestcase" time="72.035" classname="com.TestScripts.Tc_04_PaymentImport"/>
</testsuite> <!-- com.TestScripts.Tc_04_PaymentImport -->
