<?xml version="1.0" encoding="UTF-8"?>
<!-- Generated by org.testng.reporters.JUnitReportReporter -->
<testsuite skipped="0" hostname="SriniR_Dell" name="com.TestScripts.Tc_02_ManualcapturePayment" tests="1" failures="0" timestamp="06 Mar 2018 07:23:31 GMT" time="189.685" errors="0">
  <testcase name="evaluateTestcase" time="189.685" classname="com.TestScripts.Tc_02_ManualcapturePayment"/>
</testsuite> <!-- com.TestScripts.Tc_02_ManualcapturePayment -->
