<?xml version="1.0" encoding="UTF-8"?>
<!-- Generated by org.testng.reporters.JUnitReportReporter -->
<testsuite skipped="0" hostname="SriniR_Dell" name="com.TestScripts.Tc_15_Recall_Collection" tests="1" failures="0" timestamp="31 Jan 2018 08:23:27 GMT" time="90.216" errors="0">
  <testcase name="evaluateTestcase" time="90.216" classname="com.TestScripts.Tc_15_Recall_Collection"/>
</testsuite> <!-- com.TestScripts.Tc_15_Recall_Collection -->
