<?xml version="1.0" encoding="UTF-8"?>
<!-- Generated by org.testng.reporters.JUnitReportReporter -->
<testsuite skipped="0" hostname="SriniR_Dell" name="com.TestScripts.Tc_02_ManualcapturePayment_MUMD" tests="1" failures="0" timestamp="22 Feb 2018 08:48:37 GMT" time="303.156" errors="0">
  <testcase name="evaluateTestcase" time="303.156" classname="com.TestScripts.Tc_02_ManualcapturePayment_MUMD"/>
</testsuite> <!-- com.TestScripts.Tc_02_ManualcapturePayment_MUMD -->
