<?xml version="1.0" encoding="UTF-8"?>
<!-- Generated by org.testng.reporters.JUnitReportReporter -->
<testsuite skipped="0" hostname="SriniR_Dell" name="com.TestScripts.Tc_04_PaymentImport_SUMD" tests="1" failures="0" timestamp="23 Mar 2018 07:25:20 GMT" time="175.229" errors="0">
  <testcase name="evaluateTestcase" time="175.229" classname="com.TestScripts.Tc_04_PaymentImport_SUMD"/>
</testsuite> <!-- com.TestScripts.Tc_04_PaymentImport_SUMD -->
