<?xml version="1.0" encoding="UTF-8"?>
<!-- Generated by org.testng.reporters.JUnitReportReporter -->
<testsuite skipped="0" hostname="SriniR_Dell" name="com.TestScripts.Tc_05_NewUserCcreation" tests="1" failures="0" timestamp="19 Mar 2018 11:40:41 GMT" time="364.649" errors="0">
  <testcase name="evaluateTestcase" time="364.649" classname="com.TestScripts.Tc_05_NewUserCcreation"/>
</testsuite> <!-- com.TestScripts.Tc_05_NewUserCcreation -->
