<?xml version="1.0" encoding="UTF-8"?>
<!-- Generated by org.testng.reporters.JUnitReportReporter -->
<testsuite skipped="0" hostname="SriniR_Dell" name="com.TestScripts.Tc_20_Recall_Journals_Ext" tests="1" failures="0" timestamp="05 Feb 2018 06:14:14 GMT" time="74.720" errors="0">
  <testcase name="evaluateTestcase" time="74.720" classname="com.TestScripts.Tc_20_Recall_Journals_Ext"/>
</testsuite> <!-- com.TestScripts.Tc_20_Recall_Journals_Ext -->
