<?xml version="1.0" encoding="UTF-8"?>
<!-- Generated by org.testng.reporters.JUnitReportReporter -->
<testsuite skipped="0" hostname="SriniR_Dell" name="com.TestScripts.Tc_03_CollectionImport_SUMD" tests="1" failures="0" timestamp="21 Feb 2018 11:58:31 GMT" time="175.746" errors="0">
  <testcase name="evaluateTestcase" time="175.746" classname="com.TestScripts.Tc_03_CollectionImport_SUMD"/>
</testsuite> <!-- com.TestScripts.Tc_03_CollectionImport_SUMD -->
