<?xml version="1.0" encoding="UTF-8"?>
<!-- Generated by org.testng.reporters.JUnitReportReporter -->
<testsuite skipped="0" hostname="SriniR_Dell" name="com.TestScripts.Tc_01_ManualcaptureCollection" tests="1" failures="0" timestamp="02 Jan 2018 06:57:48 GMT" time="68.656" errors="0">
  <testcase name="evaluateTestcase" time="68.656" classname="com.TestScripts.Tc_01_ManualcaptureCollection"/>
</testsuite> <!-- com.TestScripts.Tc_01_ManualcaptureCollection -->
