<?xml version="1.0" encoding="UTF-8"?>
<!-- Generated by org.testng.reporters.JUnitReportReporter -->
<testsuite skipped="0" hostname="SriniR_Dell" name="com.TestScripts.Tc_10_ManualcapturePayment_Ext" tests="1" failures="0" timestamp="20 Feb 2018 09:45:45 GMT" time="118.098" errors="0">
  <testcase name="evaluateTestcase" time="118.098" classname="com.TestScripts.Tc_10_ManualcapturePayment_Ext"/>
</testsuite> <!-- com.TestScripts.Tc_10_ManualcapturePayment_Ext -->
