<?xml version="1.0" encoding="UTF-8"?>
<!-- Generated by org.testng.reporters.JUnitReportReporter -->
<testsuite skipped="0" hostname="SriniR_Dell" name="com.TestScripts.Tc_04_PaymentImport" tests="1" failures="0" timestamp="12 Mar 2018 07:09:23 GMT" time="75.994" errors="0">
  <testcase name="evaluateTestcase" time="75.994" classname="com.TestScripts.Tc_04_PaymentImport"/>
</testsuite> <!-- com.TestScripts.Tc_04_PaymentImport -->
