<?xml version="1.0" encoding="UTF-8"?>
<!-- Generated by org.testng.reporters.JUnitReportReporter -->
<testsuite skipped="0" hostname="SriniR_Dell" name="com.TestScripts.Tc_01_ManualcaptureCollection" tests="1" failures="0" timestamp="22 Mar 2018 07:01:50 GMT" time="105.828" errors="0">
  <testcase name="evaluateTestcase" time="105.828" classname="com.TestScripts.Tc_01_ManualcaptureCollection"/>
</testsuite> <!-- com.TestScripts.Tc_01_ManualcaptureCollection -->
