<?xml version="1.0" encoding="UTF-8"?>
<!-- Generated by org.testng.reporters.JUnitReportReporter -->
<testsuite skipped="0" hostname="SriniR_Dell" name="com.TestScripts.Tc_05_NewUserCcreation" tests="1" failures="0" timestamp="02 Jan 2018 09:00:39 GMT" time="258.114" errors="0">
  <testcase name="evaluateTestcase" time="258.114" classname="com.TestScripts.Tc_05_NewUserCcreation"/>
</testsuite> <!-- com.TestScripts.Tc_05_NewUserCcreation -->
