<?xml version="1.0" encoding="UTF-8"?>
<!-- Generated by org.testng.reporters.JUnitReportReporter -->
<testsuite skipped="0" hostname="SriniR_Dell" name="com.TestScripts.Tc_05_NewUserCcreation" tests="1" failures="0" timestamp="18 Apr 2018 06:01:53 GMT" time="368.688" errors="0">
  <testcase name="evaluateTestcase" time="368.688" classname="com.TestScripts.Tc_05_NewUserCcreation"/>
</testsuite> <!-- com.TestScripts.Tc_05_NewUserCcreation -->
