<?xml version="1.0" encoding="UTF-8"?>
<!-- Generated by org.testng.reporters.JUnitReportReporter -->
<testsuite skipped="0" hostname="SriniR_Dell" name="com.TestScripts.Tc_04_PaymentImport" tests="1" failures="0" timestamp="19 Mar 2018 06:40:15 GMT" time="59.813" errors="0">
  <testcase name="evaluateTestcase" time="59.813" classname="com.TestScripts.Tc_04_PaymentImport"/>
</testsuite> <!-- com.TestScripts.Tc_04_PaymentImport -->
