<?xml version="1.0" encoding="UTF-8"?>
<!-- Generated by org.testng.reporters.JUnitReportReporter -->
<testsuite skipped="0" hostname="SriniR_Dell" name="com.TestScripts.Tc_11_CollectionImport_Ext" tests="1" failures="0" timestamp="19 Mar 2018 09:28:48 GMT" time="65.916" errors="0">
  <testcase name="evaluateTestcase" time="65.916" classname="com.TestScripts.Tc_11_CollectionImport_Ext"/>
</testsuite> <!-- com.TestScripts.Tc_11_CollectionImport_Ext -->
