<?xml version="1.0" encoding="UTF-8"?>
<!-- Generated by org.testng.reporters.JUnitReportReporter -->
<testsuite skipped="0" hostname="SriniR_Dell" name="com.TestScripts.Tc_03_CollectionImport_MUMD" tests="1" failures="0" timestamp="21 Feb 2018 11:58:31 GMT" time="226.199" errors="0">
  <testcase name="evaluateTestcase" time="226.199" classname="com.TestScripts.Tc_03_CollectionImport_MUMD"/>
</testsuite> <!-- com.TestScripts.Tc_03_CollectionImport_MUMD -->
