<?xml version="1.0" encoding="UTF-8"?>
<!-- Generated by org.testng.reporters.JUnitReportReporter -->
<testsuite skipped="0" hostname="SriniR_Dell" name="com.TestScripts.Tc_17_Recall_Journals" tests="1" failures="0" timestamp="07 Dec 2018 12:58:05 GMT" time="81.106" errors="0">
  <testcase name="evaluateTestcase" time="81.106" classname="com.TestScripts.Tc_17_Recall_Journals"/>
</testsuite> <!-- com.TestScripts.Tc_17_Recall_Journals -->
