<?xml version="1.0" encoding="UTF-8"?>
<!-- Generated by org.testng.reporters.JUnitReportReporter -->
<testsuite skipped="0" hostname="SriniR_Dell" name="com.TestScripts.Tc_13_Journals_Ext" tests="1" failures="0" timestamp="19 Mar 2018 07:24:52 GMT" time="64.544" errors="0">
  <testcase name="evaluateTestcase" time="64.544" classname="com.TestScripts.Tc_13_Journals_Ext"/>
</testsuite> <!-- com.TestScripts.Tc_13_Journals_Ext -->
