<?xml version="1.0" encoding="UTF-8"?>
<!-- Generated by org.testng.reporters.JUnitReportReporter -->
<testsuite skipped="0" hostname="SriniR_Dell" name="com.TestScripts.Tc_09_ManualcaptureCollection_Ext_SUMD" tests="1" failures="0" timestamp="02 Mar 2018 13:01:53 GMT" time="312.159" errors="0">
  <testcase name="evaluateTestcase" time="312.159" classname="com.TestScripts.Tc_09_ManualcaptureCollection_Ext_SUMD"/>
</testsuite> <!-- com.TestScripts.Tc_09_ManualcaptureCollection_Ext_SUMD -->
