<?xml version="1.0" encoding="UTF-8"?>
<!-- Generated by org.testng.reporters.JUnitReportReporter -->
<testsuite skipped="0" hostname="SriniR_Dell" name="com.TestScripts.Tc_18_Recall_Collectiion_Ext" tests="1" failures="0" timestamp="02 Mar 2018 09:07:37 GMT" time="206.667" errors="0">
  <testcase name="evaluateTestcase" time="206.667" classname="com.TestScripts.Tc_18_Recall_Collectiion_Ext"/>
</testsuite> <!-- com.TestScripts.Tc_18_Recall_Collectiion_Ext -->
