<?xml version="1.0" encoding="UTF-8"?>
<!-- Generated by org.testng.reporters.JUnitReportReporter -->
<testsuite skipped="0" hostname="SriniR_Dell" name="com.TestScripts.Tc_07_NominatedPayments_SUMD" tests="1" failures="0" timestamp="23 Mar 2018 08:08:58 GMT" time="232.921" errors="0">
  <testcase name="evaluateTestcase" time="232.921" classname="com.TestScripts.Tc_07_NominatedPayments_SUMD"/>
</testsuite> <!-- com.TestScripts.Tc_07_NominatedPayments_SUMD -->
