<?xml version="1.0" encoding="UTF-8"?>
<!-- Generated by org.testng.reporters.JUnitReportReporter -->
<testsuite skipped="0" hostname="SriniR_Dell" name="com.TestScripts.Tc_02_ManualcapturePayment" tests="1" failures="0" timestamp="19 Mar 2018 06:40:15 GMT" time="138.645" errors="0">
  <testcase name="evaluateTestcase" time="138.645" classname="com.TestScripts.Tc_02_ManualcapturePayment"/>
</testsuite> <!-- com.TestScripts.Tc_02_ManualcapturePayment -->
