<?xml version="1.0" encoding="UTF-8"?>
<!-- Generated by org.testng.reporters.JUnitReportReporter -->
<testsuite skipped="0" hostname="SriniR_Dell" name="com.TestScripts.Tc_04_PaymentImport" tests="1" failures="0" timestamp="07 Sep 2018 07:16:23 GMT" time="95.316" errors="0">
  <testcase name="evaluateTestcase" time="95.316" classname="com.TestScripts.Tc_04_PaymentImport"/>
</testsuite> <!-- com.TestScripts.Tc_04_PaymentImport -->
