<?xml version="1.0" encoding="UTF-8"?>
<!-- Generated by org.testng.reporters.JUnitReportReporter -->
<testsuite skipped="0" hostname="SriniR_Dell" name="com.TestScripts.Tc_23_FeeTest" tests="1" failures="0" timestamp="14 Mar 2018 15:06:00 GMT" time="10850.620" errors="0">
  <testcase name="evaluateTestcase" time="10850.620" classname="com.TestScripts.Tc_23_FeeTest"/>
</testsuite> <!-- com.TestScripts.Tc_23_FeeTest -->
